<?xml version="1.0" encoding="UTF-8"?>
<coverage generated="1636506722012" clover="3.2.0">
  <project timestamp="1636506722013" name="All files">
    <metrics statements="20" coveredstatements="20" conditionals="14" coveredconditionals="14" methods="3" coveredmethods="3" elements="37" coveredelements="37" complexity="0" loc="20" ncloc="20" packages="1" files="2" classes="2"/>
    <file name="generateParentheses.js" path="/Users/bryanna/Desktop/Xtra/LeetCode-AlgoExpert-Practice/generateParentheses.js">
      <metrics statements="12" coveredstatements="12" conditionals="10" coveredconditionals="10" methods="2" coveredmethods="2"/>
      <line num="3" count="1" type="stmt"/>
      <line num="4" count="4" type="stmt"/>
      <line num="6" count="4" type="stmt"/>
      <line num="7" count="25" type="cond" truecount="4" falsecount="0"/>
      <line num="8" count="6" type="stmt"/>
      <line num="10" count="25" type="cond" truecount="2" falsecount="0"/>
      <line num="11" count="9" type="stmt"/>
      <line num="13" count="25" type="cond" truecount="2" falsecount="0"/>
      <line num="14" count="14" type="stmt"/>
      <line num="17" count="4" type="cond" truecount="2" falsecount="0"/>
      <line num="18" count="4" type="stmt"/>
      <line num="21" count="1" type="stmt"/>
    </file>
    <file name="twoNumberSum.js" path="/Users/bryanna/Desktop/Xtra/LeetCode-AlgoExpert-Practice/twoNumberSum.js">
      <metrics statements="8" coveredstatements="8" conditionals="4" coveredconditionals="4" methods="1" coveredmethods="1"/>
      <line num="5" count="24" type="cond" truecount="2" falsecount="0"/>
      <line num="6" count="2" type="stmt"/>
      <line num="8" count="22" type="stmt"/>
      <line num="9" count="22" type="stmt"/>
      <line num="10" count="105" type="cond" truecount="2" falsecount="0"/>
      <line num="11" count="2" type="stmt"/>
      <line num="14" count="20" type="stmt"/>
      <line num="17" count="1" type="stmt"/>
    </file>
  </project>
</coverage>
