{"/Users/bryanna/Desktop/Xtra/LeetCode-AlgoExpert-Practice/classPhotos.js": {"path":"/Users/bryanna/Desktop/Xtra/LeetCode-AlgoExpert-Practice/classPhotos.js","statementMap":{"0":{"start":{"line":4,"column":1},"end":{"line":4,"column":24}},"1":{"start":{"line":5,"column":1},"end":{"line":5,"column":25}},"2":{"start":{"line":8,"column":1},"end":{"line":16,"column":2}},"3":{"start":{"line":9,"column":2},"end":{"line":9,"column":25}},"4":{"start":{"line":10,"column":2},"end":{"line":10,"column":27}},"5":{"start":{"line":11,"column":8},"end":{"line":16,"column":2}},"6":{"start":{"line":12,"column":2},"end":{"line":12,"column":26}},"7":{"start":{"line":13,"column":2},"end":{"line":13,"column":26}},"8":{"start":{"line":15,"column":2},"end":{"line":15,"column":15}},"9":{"start":{"line":17,"column":1},"end":{"line":21,"column":2}},"10":{"start":{"line":17,"column":14},"end":{"line":17,"column":15}},"11":{"start":{"line":18,"column":2},"end":{"line":20,"column":3}},"12":{"start":{"line":19,"column":3},"end":{"line":19,"column":16}},"13":{"start":{"line":22,"column":2},"end":{"line":22,"column":14}},"14":{"start":{"line":25,"column":0},"end":{"line":25,"column":29}}},"fnMap":{"0":{"name":"classPhotos","decl":{"start":{"line":3,"column":9},"end":{"line":3,"column":20}},"loc":{"start":{"line":3,"column":56},"end":{"line":23,"column":1}},"line":3}},"branchMap":{"0":{"loc":{"start":{"line":8,"column":1},"end":{"line":16,"column":2}},"type":"if","locations":[{"start":{"line":8,"column":1},"end":{"line":16,"column":2}},{"start":{"line":11,"column":8},"end":{"line":16,"column":2}}],"line":8},"1":{"loc":{"start":{"line":11,"column":8},"end":{"line":16,"column":2}},"type":"if","locations":[{"start":{"line":11,"column":8},"end":{"line":16,"column":2}},{"start":{"line":14,"column":8},"end":{"line":16,"column":2}}],"line":11},"2":{"loc":{"start":{"line":18,"column":2},"end":{"line":20,"column":3}},"type":"if","locations":[{"start":{"line":18,"column":2},"end":{"line":20,"column":3}},{"start":{},"end":{}}],"line":18}},"s":{"0":5,"1":5,"2":5,"3":3,"4":3,"5":2,"6":1,"7":1,"8":1,"9":4,"10":4,"11":11,"12":1,"13":3,"14":1},"f":{"0":5},"b":{"0":[3,2],"1":[1,1],"2":[1,10]},"_coverageSchema":"1a1c01bbd47fc00a2c39e90264f33305004495a9","hash":"d529721106e5d0ffcc71c9961d9327cc337ec3dc"}
,"/Users/bryanna/Desktop/Xtra/LeetCode-AlgoExpert-Practice/generateParentheses.js": {"path":"/Users/bryanna/Desktop/Xtra/LeetCode-AlgoExpert-Practice/generateParentheses.js","statementMap":{"0":{"start":{"line":3,"column":27},"end":{"line":19,"column":1}},"1":{"start":{"line":4,"column":15},"end":{"line":4,"column":17}},"2":{"start":{"line":6,"column":21},"end":{"line":16,"column":3}},"3":{"start":{"line":7,"column":6},"end":{"line":9,"column":7}},"4":{"start":{"line":8,"column":8},"end":{"line":8,"column":25}},"5":{"start":{"line":10,"column":6},"end":{"line":12,"column":7}},"6":{"start":{"line":11,"column":8},"end":{"line":11,"column":72}},"7":{"start":{"line":13,"column":6},"end":{"line":15,"column":7}},"8":{"start":{"line":14,"column":8},"end":{"line":14,"column":72}},"9":{"start":{"line":17,"column":2},"end":{"line":17,"column":42}},"10":{"start":{"line":18,"column":2},"end":{"line":18,"column":16}},"11":{"start":{"line":21,"column":0},"end":{"line":21,"column":37}}},"fnMap":{"0":{"name":"(anonymous_0)","decl":{"start":{"line":3,"column":27},"end":{"line":3,"column":28}},"loc":{"start":{"line":3,"column":39},"end":{"line":19,"column":1}},"line":3},"1":{"name":"(anonymous_1)","decl":{"start":{"line":6,"column":21},"end":{"line":6,"column":22}},"loc":{"start":{"line":6,"column":68},"end":{"line":16,"column":3}},"line":6}},"branchMap":{"0":{"loc":{"start":{"line":7,"column":6},"end":{"line":9,"column":7}},"type":"if","locations":[{"start":{"line":7,"column":6},"end":{"line":9,"column":7}},{"start":{},"end":{}}],"line":7},"1":{"loc":{"start":{"line":7,"column":10},"end":{"line":7,"column":45}},"type":"binary-expr","locations":[{"start":{"line":7,"column":10},"end":{"line":7,"column":25}},{"start":{"line":7,"column":29},"end":{"line":7,"column":45}}],"line":7},"2":{"loc":{"start":{"line":10,"column":6},"end":{"line":12,"column":7}},"type":"if","locations":[{"start":{"line":10,"column":6},"end":{"line":12,"column":7}},{"start":{},"end":{}}],"line":10},"3":{"loc":{"start":{"line":13,"column":6},"end":{"line":15,"column":7}},"type":"if","locations":[{"start":{"line":13,"column":6},"end":{"line":15,"column":7}},{"start":{},"end":{}}],"line":13},"4":{"loc":{"start":{"line":17,"column":2},"end":{"line":17,"column":41}},"type":"cond-expr","locations":[{"start":{"line":17,"column":10},"end":{"line":17,"column":34}},{"start":{"line":17,"column":37},"end":{"line":17,"column":41}}],"line":17}},"s":{"0":1,"1":4,"2":4,"3":25,"4":6,"5":25,"6":9,"7":25,"8":14,"9":4,"10":4,"11":1},"f":{"0":4,"1":25},"b":{"0":[6,19],"1":[25,16],"2":[9,16],"3":[14,11],"4":[2,2]},"_coverageSchema":"1a1c01bbd47fc00a2c39e90264f33305004495a9","hash":"8efc794042164e330622a5869041ee3afc8ab950"}
,"/Users/bryanna/Desktop/Xtra/LeetCode-AlgoExpert-Practice/twoNumberSum.js": {"path":"/Users/bryanna/Desktop/Xtra/LeetCode-AlgoExpert-Practice/twoNumberSum.js","statementMap":{"0":{"start":{"line":19,"column":14},"end":{"line":19,"column":16}},"1":{"start":{"line":20,"column":1},"end":{"line":27,"column":2}},"2":{"start":{"line":20,"column":14},"end":{"line":20,"column":15}},"3":{"start":{"line":21,"column":13},"end":{"line":21,"column":33}},"4":{"start":{"line":22,"column":2},"end":{"line":26,"column":3}},"5":{"start":{"line":23,"column":3},"end":{"line":23,"column":27}},"6":{"start":{"line":25,"column":3},"end":{"line":25,"column":26}},"7":{"start":{"line":28,"column":1},"end":{"line":28,"column":11}},"8":{"start":{"line":31,"column":0},"end":{"line":31,"column":30}}},"fnMap":{"0":{"name":"twoNumberSum","decl":{"start":{"line":18,"column":9},"end":{"line":18,"column":21}},"loc":{"start":{"line":18,"column":40},"end":{"line":29,"column":1}},"line":18}},"branchMap":{"0":{"loc":{"start":{"line":22,"column":2},"end":{"line":26,"column":3}},"type":"if","locations":[{"start":{"line":22,"column":2},"end":{"line":26,"column":3}},{"start":{"line":24,"column":9},"end":{"line":26,"column":3}}],"line":22}},"s":{"0":4,"1":4,"2":4,"3":27,"4":27,"5":2,"6":25,"7":2,"8":1},"f":{"0":4},"b":{"0":[2,25]},"_coverageSchema":"1a1c01bbd47fc00a2c39e90264f33305004495a9","hash":"5ab0c6655f5b2fca6630e206a8a155e2ac7eebf7"}
,"/Users/bryanna/Desktop/Xtra/LeetCode-AlgoExpert-Practice/validateSubsequence.js": {"path":"/Users/bryanna/Desktop/Xtra/LeetCode-AlgoExpert-Practice/validateSubsequence.js","statementMap":{"0":{"start":{"line":4,"column":12},"end":{"line":4,"column":13}},"1":{"start":{"line":5,"column":2},"end":{"line":9,"column":2}},"2":{"start":{"line":5,"column":15},"end":{"line":5,"column":16}},"3":{"start":{"line":6,"column":2},"end":{"line":8,"column":3}},"4":{"start":{"line":7,"column":3},"end":{"line":7,"column":10}},"5":{"start":{"line":10,"column":1},"end":{"line":10,"column":48}},"6":{"start":{"line":13,"column":0},"end":{"line":13,"column":36}}},"fnMap":{"0":{"name":"isValidSubsequence","decl":{"start":{"line":3,"column":9},"end":{"line":3,"column":27}},"loc":{"start":{"line":3,"column":45},"end":{"line":11,"column":1}},"line":3}},"branchMap":{"0":{"loc":{"start":{"line":6,"column":2},"end":{"line":8,"column":3}},"type":"if","locations":[{"start":{"line":6,"column":2},"end":{"line":8,"column":3}},{"start":{},"end":{}}],"line":6},"1":{"loc":{"start":{"line":10,"column":8},"end":{"line":10,"column":47}},"type":"cond-expr","locations":[{"start":{"line":10,"column":35},"end":{"line":10,"column":39}},{"start":{"line":10,"column":42},"end":{"line":10,"column":47}}],"line":10}},"s":{"0":6,"1":6,"2":6,"3":34,"4":19,"5":6,"6":1},"f":{"0":6},"b":{"0":[19,15],"1":[3,3]},"_coverageSchema":"1a1c01bbd47fc00a2c39e90264f33305004495a9","hash":"408a87ea3fa58624da424d5c90ad777e15f11673"}
}
