TN:
SF:generateParentheses.js
FN:3,(anonymous_0)
FN:6,(anonymous_1)
FNF:2
FNH:2
FNDA:2,(anonymous_0)
FNDA:25,(anonymous_1)
DA:3,1
DA:4,2
DA:6,2
DA:7,25
DA:8,6
DA:10,25
DA:11,9
DA:13,25
DA:14,14
DA:17,2
DA:18,2
DA:21,1
LF:12
LH:12
BRDA:7,0,0,6
BRDA:7,0,1,19
BRDA:7,1,0,25
BRDA:7,1,1,16
BRDA:10,2,0,9
BRDA:10,2,1,16
BRDA:13,3,0,14
BRDA:13,3,1,11
BRF:8
BRH:8
end_of_record
TN:
SF:twoNumberSum.js
FN:4,twoNumberSum
FNF:1
FNH:1
FNDA:24,twoNumberSum
DA:5,24
DA:6,2
DA:8,22
DA:9,22
DA:10,105
DA:11,2
DA:14,20
DA:17,1
LF:8
LH:8
BRDA:5,0,0,2
BRDA:5,0,1,22
BRDA:10,1,0,2
BRDA:10,1,1,103
BRF:4
BRH:4
end_of_record
