TN:
SF:classPhotos.js
FN:3,classPhotos
FNF:1
FNH:1
FNDA:5,classPhotos
DA:4,5
DA:5,5
DA:8,5
DA:9,3
DA:10,3
DA:11,2
DA:12,1
DA:13,1
DA:15,1
DA:17,4
DA:18,11
DA:19,1
DA:22,3
DA:25,1
LF:14
LH:14
BRDA:8,0,0,3
BRDA:8,0,1,2
BRDA:11,1,0,1
BRDA:11,1,1,1
BRDA:18,2,0,1
BRDA:18,2,1,10
BRF:6
BRH:6
end_of_record
TN:
SF:generateParentheses.js
FN:3,(anonymous_0)
FN:6,(anonymous_1)
FNF:2
FNH:2
FNDA:4,(anonymous_0)
FNDA:25,(anonymous_1)
DA:3,1
DA:4,4
DA:6,4
DA:7,25
DA:8,6
DA:10,25
DA:11,9
DA:13,25
DA:14,14
DA:17,4
DA:18,4
DA:21,1
LF:12
LH:12
BRDA:7,0,0,6
BRDA:7,0,1,19
BRDA:7,1,0,25
BRDA:7,1,1,16
BRDA:10,2,0,9
BRDA:10,2,1,16
BRDA:13,3,0,14
BRDA:13,3,1,11
BRDA:17,4,0,2
BRDA:17,4,1,2
BRF:10
BRH:10
end_of_record
TN:
SF:removeKthNodeFromEnd.js
FN:3,removeKthNodeFromEnd
FNF:1
FNH:1
FNDA:2,removeKthNodeFromEnd
DA:4,2
DA:5,2
DA:7,2
DA:8,7
DA:11,2
DA:12,1
DA:13,1
DA:14,1
DA:17,1
DA:18,3
DA:19,3
DA:21,1
DA:23,1
DA:26,1
LF:14
LH:14
BRDA:11,0,0,1
BRDA:11,0,1,1
BRF:2
BRH:2
end_of_record
TN:
SF:twoNumberSum.js
FN:18,twoNumberSum
FNF:1
FNH:1
FNDA:4,twoNumberSum
DA:19,4
DA:20,4
DA:21,27
DA:22,27
DA:23,2
DA:25,25
DA:28,2
DA:31,1
LF:8
LH:8
BRDA:22,0,0,2
BRDA:22,0,1,25
BRF:2
BRH:2
end_of_record
TN:
SF:validateSubsequence.js
FN:3,isValidSubsequence
FNF:1
FNH:1
FNDA:6,isValidSubsequence
DA:4,6
DA:5,6
DA:6,34
DA:7,19
DA:10,6
DA:13,1
LF:6
LH:6
BRDA:6,0,0,19
BRDA:6,0,1,15
BRDA:10,1,0,3
BRDA:10,1,1,3
BRF:4
BRH:4
end_of_record
